  Source.cpp
C:\Users\DELL\Documents\GitHub\SFML-Bank-System-\SFML Bank System\SFML Bank System\Source.cpp(155,66): warning C4244: 'argument': conversion from 'int' to 'float', possible loss of data
C:\Users\DELL\Documents\GitHub\SFML-Bank-System-\SFML Bank System\SFML Bank System\Source.cpp(155,43): warning C4244: 'argument': conversion from 'int' to 'float', possible loss of data
C:\Users\DELL\Documents\GitHub\SFML-Bank-System-\SFML Bank System\SFML Bank System\Source.cpp(302,20): warning C4018: '<': signed/unsigned mismatch
C:\Users\DELL\Documents\GitHub\SFML-Bank-System-\SFML Bank System\SFML Bank System\Source.cpp(310,20): warning C4018: '<': signed/unsigned mismatch
C:\Users\DELL\Documents\GitHub\SFML-Bank-System-\SFML Bank System\SFML Bank System\Source.cpp(318,20): warning C4018: '<': signed/unsigned mismatch
C:\Users\DELL\Documents\GitHub\SFML-Bank-System-\SFML Bank System\SFML Bank System\Source.cpp(327,20): warning C4018: '<': signed/unsigned mismatch
C:\Users\DELL\Documents\GitHub\SFML-Bank-System-\SFML Bank System\SFML Bank System\Source.cpp(404,65): warning C4244: '=': conversion from 'float' to 'int', possible loss of data
C:\Users\DELL\Documents\GitHub\SFML-Bank-System-\SFML Bank System\SFML Bank System\Source.cpp(407,54): warning C4244: '=': conversion from 'float' to 'int', possible loss of data
C:\Users\DELL\Documents\GitHub\SFML-Bank-System-\SFML Bank System\SFML Bank System\Source.cpp(492,20): warning C4018: '<': signed/unsigned mismatch
C:\Users\DELL\Documents\GitHub\SFML-Bank-System-\SFML Bank System\SFML Bank System\Source.cpp(548,41): warning C4244: 'argument': conversion from 'int' to 'float', possible loss of data
C:\Users\DELL\Documents\GitHub\SFML-Bank-System-\SFML Bank System\SFML Bank System\Source.cpp(549,38): warning C4305: 'argument': truncation from 'double' to 'float'
C:\Users\DELL\Documents\GitHub\SFML-Bank-System-\SFML Bank System\SFML Bank System\Source.cpp(561,33): warning C4305: 'argument': truncation from 'double' to 'float'
C:\Users\DELL\Documents\GitHub\SFML-Bank-System-\SFML Bank System\SFML Bank System\Source.cpp(571,44): warning C4305: 'argument': truncation from 'double' to 'float'
C:\Users\DELL\Documents\GitHub\SFML-Bank-System-\SFML Bank System\SFML Bank System\Source.cpp(592,33): warning C4305: 'argument': truncation from 'double' to 'float'
C:\Users\DELL\Documents\GitHub\SFML-Bank-System-\SFML Bank System\SFML Bank System\Source.cpp(609,39): warning C4305: 'argument': truncation from 'double' to 'float'
C:\Users\DELL\Documents\GitHub\SFML-Bank-System-\SFML Bank System\SFML Bank System\Source.cpp(709,37): warning C4305: 'argument': truncation from 'double' to 'float'
C:\Users\DELL\Documents\GitHub\SFML-Bank-System-\SFML Bank System\SFML Bank System\Source.cpp(715,44): warning C4244: 'argument': conversion from 'int' to 'float', possible loss of data
C:\Users\DELL\Documents\GitHub\SFML-Bank-System-\SFML Bank System\SFML Bank System\Source.cpp(260): warning C4715: 'login': not all control paths return a value
Source.obj : error LNK2019: unresolved external symbol "__declspec(dllimport) public: __thiscall sf::String::String(unsigned int)" (__imp_??0String@sf@@QAE@I@Z) referenced in function "void __cdecl setButton(struct button &)" (?setButton@@YAXAAUbutton@@@Z)
Source.obj : error LNK2019: unresolved external symbol "__declspec(dllimport) public: __thiscall sf::String::String(char const *,class std::locale const &)" (__imp_??0String@sf@@QAE@PBDABVlocale@std@@@Z) referenced in function "void __cdecl `dynamic initializer for 'window''(void)" (??__Ewindow@@YAXXZ)
Source.obj : error LNK2019: unresolved external symbol "__declspec(dllimport) public: __thiscall sf::String::String(class std::basic_string<char,struct std::char_traits<char>,class std::allocator<char> > const &,class std::locale const &)" (__imp_??0String@sf@@QAE@ABV?$basic_string@DU?$char_traits@D@std@@V?$allocator@D@2@@std@@ABVlocale@3@@Z) referenced in function "void __cdecl Withdraw(class std::vector<struct user,class std::allocator<struct user> > &,float,struct bigDarkBox &)" (?Withdraw@@YAXAAV?$vector@Uuser@@V?$allocator@Uuser@@@std@@@std@@MAAUbigDarkBox@@@Z)
Source.obj : error LNK2019: unresolved external symbol "__declspec(dllimport) public: __thiscall sf::String::operator class std::basic_string<char,struct std::char_traits<char>,class std::allocator<char> >(void)const " (__imp_??BString@sf@@QBE?AV?$basic_string@DU?$char_traits@D@std@@V?$allocator@D@2@@std@@XZ) referenced in function "void __cdecl sideBtnCollision(struct button * const,int,class std::basic_string<char,struct std::char_traits<char>,class std::allocator<char> > &)" (?sideBtnCollision@@YAXQAUbutton@@HAAV?$basic_string@DU?$char_traits@D@std@@V?$allocator@D@2@@std@@@Z)
Source.obj : error LNK2019: unresolved external symbol "__declspec(dllimport) public: unsigned int & __thiscall sf::String::operator[](unsigned int)" (__imp_??AString@sf@@QAEAAII@Z) referenced in function "void __cdecl setButton(struct button &)" (?setButton@@YAXAAUbutton@@@Z)
Source.obj : error LNK2019: unresolved external symbol "__declspec(dllimport) public: __thiscall sf::String::~String(void)" (__imp_??1String@sf@@QAE@XZ) referenced in function "void __cdecl `dynamic initializer for 'window''(void)" (??__Ewindow@@YAXXZ)
Source.obj : error LNK2019: unresolved external symbol "__declspec(dllimport) public: static bool __cdecl sf::Mouse::isButtonPressed(enum sf::Mouse::Button)" (__imp_?isButtonPressed@Mouse@sf@@SA_NW4Button@12@@Z) referenced in function "void __cdecl sideBtnCollision(struct button * const,int,class std::basic_string<char,struct std::char_traits<char>,class std::allocator<char> > &)" (?sideBtnCollision@@YAXQAUbutton@@HAAV?$basic_string@DU?$char_traits@D@std@@V?$allocator@D@2@@std@@@Z)
Source.obj : error LNK2019: unresolved external symbol "__declspec(dllimport) public: static class sf::Vector2<int> __cdecl sf::Mouse::getPosition(void)" (__imp_?getPosition@Mouse@sf@@SA?AV?$Vector2@H@2@XZ) referenced in function _main
Source.obj : error LNK2019: unresolved external symbol "__declspec(dllimport) public: __thiscall sf::VideoMode::VideoMode(unsigned int,unsigned int,unsigned int)" (__imp_??0VideoMode@sf@@QAE@III@Z) referenced in function "void __cdecl `dynamic initializer for 'window''(void)" (??__Ewindow@@YAXXZ)
Source.obj : error LNK2019: unresolved external symbol "__declspec(dllimport) public: void __thiscall sf::Window::close(void)" (__imp_?close@Window@sf@@QAEXXZ) referenced in function _main
Source.obj : error LNK2019: unresolved external symbol "__declspec(dllimport) public: bool __thiscall sf::Window::isOpen(void)const " (__imp_?isOpen@Window@sf@@QBE_NXZ) referenced in function _main
Source.obj : error LNK2019: unresolved external symbol "__declspec(dllimport) public: bool __thiscall sf::Window::pollEvent(class sf::Event &)" (__imp_?pollEvent@Window@sf@@QAE_NAAVEvent@2@@Z) referenced in function _main
Source.obj : error LNK2019: unresolved external symbol "__declspec(dllimport) public: void __thiscall sf::Window::display(void)" (__imp_?display@Window@sf@@QAEXXZ) referenced in function _main
Source.obj : error LNK2019: unresolved external symbol "__declspec(dllimport) public: void __thiscall sf::Transformable::setPosition(float,float)" (__imp_?setPosition@Transformable@sf@@QAEXMM@Z) referenced in function "void __cdecl balancePanelIntializer(struct balancePanel &)" (?balancePanelIntializer@@YAXAAUbalancePanel@@@Z)
Source.obj : error LNK2019: unresolved external symbol "__declspec(dllimport) public: void __thiscall sf::Transformable::setScale(float,float)" (__imp_?setScale@Transformable@sf@@QAEXMM@Z) referenced in function "void __cdecl balancePanelIntializer(struct balancePanel &)" (?balancePanelIntializer@@YAXAAUbalancePanel@@@Z)
Source.obj : error LNK2019: unresolved external symbol "__declspec(dllimport) public: __thiscall sf::Color::Color(unsigned char,unsigned char,unsigned char,unsigned char)" (__imp_??0Color@sf@@QAE@EEEE@Z) referenced in function "void __cdecl sideBtnCollision(struct button * const,int,class std::basic_string<char,struct std::char_traits<char>,class std::allocator<char> > &)" (?sideBtnCollision@@YAXQAUbutton@@HAAV?$basic_string@DU?$char_traits@D@std@@V?$allocator@D@2@@std@@@Z)
Source.obj : error LNK2019: unresolved external symbol "__declspec(dllimport) public: void __thiscall sf::Shape::setFillColor(class sf::Color const &)" (__imp_?setFillColor@Shape@sf@@QAEXABVColor@2@@Z) referenced in function _main
Source.obj : error LNK2019: unresolved external symbol "__declspec(dllimport) public: class sf::Rect<float> __thiscall sf::Shape::getGlobalBounds(void)const " (__imp_?getGlobalBounds@Shape@sf@@QBE?AV?$Rect@M@2@XZ) referenced in function "void __cdecl sideBtnCollision(struct button * const,int,class std::basic_string<char,struct std::char_traits<char>,class std::allocator<char> > &)" (?sideBtnCollision@@YAXQAUbutton@@HAAV?$basic_string@DU?$char_traits@D@std@@V?$allocator@D@2@@std@@@Z)
Source.obj : error LNK2019: unresolved external symbol "__declspec(dllimport) public: __thiscall sf::Texture::Texture(void)" (__imp_??0Texture@sf@@QAE@XZ) referenced in function "void __cdecl `dynamic initializer for 'backgroundTexture''(void)" (??__EbackgroundTexture@@YAXXZ)
Source.obj : error LNK2019: unresolved external symbol "__declspec(dllimport) public: __thiscall sf::Texture::~Texture(void)" (__imp_??1Texture@sf@@QAE@XZ) referenced in function "void __cdecl `dynamic atexit destructor for 'backgroundTexture''(void)" (??__FbackgroundTexture@@YAXXZ)
Source.obj : error LNK2019: unresolved external symbol "__declspec(dllimport) public: bool __thiscall sf::Texture::loadFromFile(class std::basic_string<char,struct std::char_traits<char>,class std::allocator<char> > const &,class sf::Rect<int> const &)" (__imp_?loadFromFile@Texture@sf@@QAE_NABV?$basic_string@DU?$char_traits@D@std@@V?$allocator@D@2@@std@@ABV?$Rect@H@2@@Z) referenced in function "void __cdecl texturesAndFonts(void)" (?texturesAndFonts@@YAXXZ)
Source.obj : error LNK2019: unresolved external symbol "__declspec(dllimport) public: __thiscall sf::Font::Font(void)" (__imp_??0Font@sf@@QAE@XZ) referenced in function "void __cdecl `dynamic initializer for 'berlinSansFont''(void)" (??__EberlinSansFont@@YAXXZ)
Source.obj : error LNK2019: unresolved external symbol "__declspec(dllimport) public: __thiscall sf::Font::~Font(void)" (__imp_??1Font@sf@@QAE@XZ) referenced in function "void __cdecl `dynamic atexit destructor for 'berlinSansFont''(void)" (??__FberlinSansFont@@YAXXZ)
Source.obj : error LNK2019: unresolved external symbol "__declspec(dllimport) public: bool __thiscall sf::Font::loadFromFile(class std::basic_string<char,struct std::char_traits<char>,class std::allocator<char> > const &)" (__imp_?loadFromFile@Font@sf@@QAE_NABV?$basic_string@DU?$char_traits@D@std@@V?$allocator@D@2@@std@@@Z) referenced in function "void __cdecl texturesAndFonts(void)" (?texturesAndFonts@@YAXXZ)
Source.obj : error LNK2019: unresolved external symbol "__declspec(dllimport) public: __thiscall sf::RectangleShape::RectangleShape(class sf::Vector2<float> const &)" (__imp_??0RectangleShape@sf@@QAE@ABV?$Vector2@M@1@@Z) referenced in function "void __cdecl `dynamic initializer for 'mouseRect''(void)" (??__EmouseRect@@YAXXZ)
Source.obj : error LNK2019: unresolved external symbol "__declspec(dllimport) public: virtual __thiscall sf::RectangleShape::~RectangleShape(void)" (__imp_??1RectangleShape@sf@@UAE@XZ) referenced in function "void __cdecl `dynamic atexit destructor for 'mouseRect''(void)" (??__FmouseRect@@YAXXZ)
Source.obj : error LNK2019: unresolved external symbol "__declspec(dllimport) public: void __thiscall sf::RenderTarget::clear(class sf::Color const &)" (__imp_?clear@RenderTarget@sf@@QAEXABVColor@2@@Z) referenced in function _main
Source.obj : error LNK2019: unresolved external symbol "__declspec(dllimport) public: void __thiscall sf::RenderTarget::draw(class sf::Drawable const &,class sf::RenderStates const &)" (__imp_?draw@RenderTarget@sf@@QAEXABVDrawable@2@ABVRenderStates@2@@Z) referenced in function "void __cdecl balancePanelDrawer(struct balancePanel &,class std::vector<struct user,class std::allocator<struct user> >)" (?balancePanelDrawer@@YAXAAUbalancePanel@@V?$vector@Uuser@@V?$allocator@Uuser@@@std@@@std@@@Z)
Source.obj : error LNK2019: unresolved external symbol "__declspec(dllimport) public: __thiscall sf::RenderWindow::RenderWindow(class sf::VideoMode,class sf::String const &,unsigned int,struct sf::ContextSettings const &)" (__imp_??0RenderWindow@sf@@QAE@VVideoMode@1@ABVString@1@IABUContextSettings@1@@Z) referenced in function "void __cdecl `dynamic initializer for 'window''(void)" (??__Ewindow@@YAXXZ)
Source.obj : error LNK2019: unresolved external symbol "__declspec(dllimport) public: virtual __thiscall sf::RenderWindow::~RenderWindow(void)" (__imp_??1RenderWindow@sf@@UAE@XZ) referenced in function "void __cdecl `dynamic atexit destructor for 'window''(void)" (??__Fwindow@@YAXXZ)
Source.obj : error LNK2019: unresolved external symbol "__declspec(dllimport) public: __thiscall sf::Sprite::Sprite(void)" (__imp_??0Sprite@sf@@QAE@XZ) referenced in function "public: __thiscall Header::Header(void)" (??0Header@@QAE@XZ)
Source.obj : error LNK2019: unresolved external symbol "__declspec(dllimport) public: void __thiscall sf::Sprite::setTexture(class sf::Texture const &,bool)" (__imp_?setTexture@Sprite@sf@@QAEXABVTexture@2@_N@Z) referenced in function "void __cdecl balancePanelIntializer(struct balancePanel &)" (?balancePanelIntializer@@YAXAAUbalancePanel@@@Z)
Source.obj : error LNK2019: unresolved external symbol "__declspec(dllimport) public: class sf::Rect<float> __thiscall sf::Sprite::getGlobalBounds(void)const " (__imp_?getGlobalBounds@Sprite@sf@@QBE?AV?$Rect@M@2@XZ) referenced in function "void __cdecl sideBtnCollision(struct button * const,int,class std::basic_string<char,struct std::char_traits<char>,class std::allocator<char> > &)" (?sideBtnCollision@@YAXQAUbutton@@HAAV?$basic_string@DU?$char_traits@D@std@@V?$allocator@D@2@@std@@@Z)
Source.obj : error LNK2019: unresolved external symbol "__declspec(dllimport) public: virtual __thiscall sf::Sprite::~Sprite(void)" (__imp_??1Sprite@sf@@UAE@XZ) referenced in function __unwindfunclet$??0Header@@QAE@ABU0@@Z$0
Source.obj : error LNK2019: unresolved external symbol "__declspec(dllimport) public: __thiscall sf::Sprite::Sprite(class sf::Sprite const &)" (__imp_??0Sprite@sf@@QAE@ABV01@@Z) referenced in function "public: __thiscall Header::Header(struct Header const &)" (??0Header@@QAE@ABU0@@Z)
Source.obj : error LNK2019: unresolved external symbol "__declspec(dllimport) public: __thiscall sf::Text::Text(void)" (__imp_??0Text@sf@@QAE@XZ) referenced in function "public: __thiscall Header::Header(void)" (??0Header@@QAE@XZ)
Source.obj : error LNK2019: unresolved external symbol "__declspec(dllimport) public: void __thiscall sf::Text::setString(class sf::String const &)" (__imp_?setString@Text@sf@@QAEXABVString@2@@Z) referenced in function "void __cdecl Withdraw(class std::vector<struct user,class std::allocator<struct user> > &,float,struct bigDarkBox &)" (?Withdraw@@YAXAAV?$vector@Uuser@@V?$allocator@Uuser@@@std@@@std@@MAAUbigDarkBox@@@Z)
Source.obj : error LNK2019: unresolved external symbol "__declspec(dllimport) public: void __thiscall sf::Text::setFont(class sf::Font const &)" (__imp_?setFont@Text@sf@@QAEXABVFont@2@@Z) referenced in function "void __cdecl balancePanelIntializer(struct balancePanel &)" (?balancePanelIntializer@@YAXAAUbalancePanel@@@Z)
Source.obj : error LNK2019: unresolved external symbol "__declspec(dllimport) public: void __thiscall sf::Text::setCharacterSize(unsigned int)" (__imp_?setCharacterSize@Text@sf@@QAEXI@Z) referenced in function "void __cdecl balancePanelIntializer(struct balancePanel &)" (?balancePanelIntializer@@YAXAAUbalancePanel@@@Z)
Source.obj : error LNK2019: unresolved external symbol "__declspec(dllimport) public: void __thiscall sf::Text::setFillColor(class sf::Color const &)" (__imp_?setFillColor@Text@sf@@QAEXABVColor@2@@Z) referenced in function "void __cdecl balancePanelIntializer(struct balancePanel &)" (?balancePanelIntializer@@YAXAAUbalancePanel@@@Z)
Source.obj : error LNK2019: unresolved external symbol "__declspec(dllimport) public: class sf::String const & __thiscall sf::Text::getString(void)const " (__imp_?getString@Text@sf@@QBEABVString@2@XZ) referenced in function "void __cdecl sideBtnCollision(struct button * const,int,class std::basic_string<char,struct std::char_traits<char>,class std::allocator<char> > &)" (?sideBtnCollision@@YAXQAUbutton@@HAAV?$basic_string@DU?$char_traits@D@std@@V?$allocator@D@2@@std@@@Z)
Source.obj : error LNK2019: unresolved external symbol "__declspec(dllimport) public: virtual __thiscall sf::Text::~Text(void)" (__imp_??1Text@sf@@UAE@XZ) referenced in function __unwindfunclet$??0Header@@QAE@ABU0@@Z$4
Source.obj : error LNK2019: unresolved external symbol "__declspec(dllimport) public: __thiscall sf::Text::Text(class sf::Text const &)" (__imp_??0Text@sf@@QAE@ABV01@@Z) referenced in function "public: __thiscall Header::Header(struct Header const &)" (??0Header@@QAE@ABU0@@Z)
Source.obj : error LNK2019: unresolved external symbol "__declspec(dllimport) public: static class sf::RenderStates const sf::RenderStates::Default" (__imp_?Default@RenderStates@sf@@2V12@B) referenced in function "void __cdecl balancePanelDrawer(struct balancePanel &,class std::vector<struct user,class std::allocator<struct user> >)" (?balancePanelDrawer@@YAXAAUbalancePanel@@V?$vector@Uuser@@V?$allocator@Uuser@@@std@@@std@@@Z)
Source.obj : error LNK2019: unresolved external symbol "__declspec(dllimport) public: static class sf::Color const sf::Color::Black" (__imp_?Black@Color@sf@@2V12@B) referenced in function _main
Source.obj : error LNK2019: unresolved external symbol "__declspec(dllimport) public: static class sf::Color const sf::Color::White" (__imp_?White@Color@sf@@2V12@B) referenced in function "void __cdecl balancePanelIntializer(struct balancePanel &)" (?balancePanelIntializer@@YAXAAUbalancePanel@@@Z)
C:\SFML-2.5.1-windows-vc15-64-bit\SFML-2.5.1\lib\sfml-graphics-d.lib : warning LNK4272: library machine type 'x64' conflicts with target machine type 'x86'
C:\SFML-2.5.1-windows-vc15-64-bit\SFML-2.5.1\lib\sfml-window-d.lib : warning LNK4272: library machine type 'x64' conflicts with target machine type 'x86'
C:\SFML-2.5.1-windows-vc15-64-bit\SFML-2.5.1\lib\sfml-system-d.lib : warning LNK4272: library machine type 'x64' conflicts with target machine type 'x86'
C:\SFML-2.5.1-windows-vc15-64-bit\SFML-2.5.1\lib\sfml-audio-d.lib : warning LNK4272: library machine type 'x64' conflicts with target machine type 'x86'
C:\SFML-2.5.1-windows-vc15-64-bit\SFML-2.5.1\lib\sfml-network-d.lib : warning LNK4272: library machine type 'x64' conflicts with target machine type 'x86'
C:\Users\DELL\Documents\GitHub\SFML-Bank-System-\SFML Bank System\Debug\SFML Bank System.exe : fatal error LNK1120: 46 unresolved externals
